  ConsoleApplication2.cpp
G:\УрФУ\2 курс-РИЗ-200028у\Прикладное программирование(Чагаева О.Л.)\Домашние лабораторные работы\1\ConsoleApplication2\ConsoleApplication2.cpp(8,41): warning C4305: инициализация: усечение из "double" в "float"
G:\УрФУ\2 курс-РИЗ-200028у\Прикладное программирование(Чагаева О.Л.)\Домашние лабораторные работы\1\ConsoleApplication2\ConsoleApplication2.cpp(12,5): warning C4477: "printf": в строке форматирования "%u" требуется аргумент типа "unsigned int", но вариативный аргумент "1" имеет тип "float *"
G:\УрФУ\2 курс-РИЗ-200028у\Прикладное программирование(Чагаева О.Л.)\Домашние лабораторные работы\1\ConsoleApplication2\ConsoleApplication2.cpp(12,5): warning C4313: printf: конфликт "%u" в строке формата с аргументом 1 типа "float *"
G:\УрФУ\2 курс-РИЗ-200028у\Прикладное программирование(Чагаева О.Л.)\Домашние лабораторные работы\1\ConsoleApplication2\ConsoleApplication2.cpp(12,5): warning C4477: "printf": в строке форматирования "%u" требуется аргумент типа "unsigned int", но вариативный аргумент "3" имеет тип "float **"
G:\УрФУ\2 курс-РИЗ-200028у\Прикладное программирование(Чагаева О.Л.)\Домашние лабораторные работы\1\ConsoleApplication2\ConsoleApplication2.cpp(12,5): warning C4313: printf: конфликт "%u" в строке формата с аргументом 3 типа "float **"
G:\УрФУ\2 курс-РИЗ-200028у\Прикладное программирование(Чагаева О.Л.)\Домашние лабораторные работы\1\ConsoleApplication2\ConsoleApplication2.cpp(14,5): warning C4477: "printf": в строке форматирования "%u" требуется аргумент типа "unsigned int", но вариативный аргумент "1" имеет тип "float *"
G:\УрФУ\2 курс-РИЗ-200028у\Прикладное программирование(Чагаева О.Л.)\Домашние лабораторные работы\1\ConsoleApplication2\ConsoleApplication2.cpp(14,5): warning C4313: printf: конфликт "%u" в строке формата с аргументом 1 типа "float *"
G:\УрФУ\2 курс-РИЗ-200028у\Прикладное программирование(Чагаева О.Л.)\Домашние лабораторные работы\1\ConsoleApplication2\ConsoleApplication2.cpp(14,5): warning C4477: "printf": в строке форматирования "%u" требуется аргумент типа "unsigned int", но вариативный аргумент "3" имеет тип "float **"
G:\УрФУ\2 курс-РИЗ-200028у\Прикладное программирование(Чагаева О.Л.)\Домашние лабораторные работы\1\ConsoleApplication2\ConsoleApplication2.cpp(14,5): warning C4313: printf: конфликт "%u" в строке формата с аргументом 3 типа "float **"
G:\УрФУ\2 курс-РИЗ-200028у\Прикладное программирование(Чагаева О.Л.)\Домашние лабораторные работы\1\ConsoleApplication2\ConsoleApplication2.cpp(15,5): warning C4477: "printf": в строке форматирования "%u" требуется аргумент типа "unsigned int", но вариативный аргумент "1" имеет тип "float *"
G:\УрФУ\2 курс-РИЗ-200028у\Прикладное программирование(Чагаева О.Л.)\Домашние лабораторные работы\1\ConsoleApplication2\ConsoleApplication2.cpp(15,5): warning C4313: printf: конфликт "%u" в строке формата с аргументом 1 типа "float *"
G:\УрФУ\2 курс-РИЗ-200028у\Прикладное программирование(Чагаева О.Л.)\Домашние лабораторные работы\1\ConsoleApplication2\ConsoleApplication2.cpp(15,5): warning C4477: "printf": в строке форматирования "%u" требуется аргумент типа "unsigned int", но вариативный аргумент "3" имеет тип "float **"
G:\УрФУ\2 курс-РИЗ-200028у\Прикладное программирование(Чагаева О.Л.)\Домашние лабораторные работы\1\ConsoleApplication2\ConsoleApplication2.cpp(15,5): warning C4313: printf: конфликт "%u" в строке формата с аргументом 3 типа "float **"
G:\УрФУ\2 курс-РИЗ-200028у\Прикладное программирование(Чагаева О.Л.)\Домашние лабораторные работы\1\ConsoleApplication2\ConsoleApplication2.cpp(17,5): warning C4477: "printf": в строке форматирования "%u" требуется аргумент типа "unsigned int", но вариативный аргумент "1" имеет тип "float *"
G:\УрФУ\2 курс-РИЗ-200028у\Прикладное программирование(Чагаева О.Л.)\Домашние лабораторные работы\1\ConsoleApplication2\ConsoleApplication2.cpp(17,5): warning C4313: printf: конфликт "%u" в строке формата с аргументом 1 типа "float *"
G:\УрФУ\2 курс-РИЗ-200028у\Прикладное программирование(Чагаева О.Л.)\Домашние лабораторные работы\1\ConsoleApplication2\ConsoleApplication2.cpp(17,5): warning C4477: "printf": в строке форматирования "%u" требуется аргумент типа "unsigned int", но вариативный аргумент "3" имеет тип "float **"
G:\УрФУ\2 курс-РИЗ-200028у\Прикладное программирование(Чагаева О.Л.)\Домашние лабораторные работы\1\ConsoleApplication2\ConsoleApplication2.cpp(17,5): warning C4313: printf: конфликт "%u" в строке формата с аргументом 3 типа "float **"
G:\УрФУ\2 курс-РИЗ-200028у\Прикладное программирование(Чагаева О.Л.)\Домашние лабораторные работы\1\ConsoleApplication2\ConsoleApplication2.cpp(18,12): warning C4477: "printf": в строке форматирования "%d" требуется аргумент типа "int", но вариативный аргумент "1" имеет тип "__int64"
G:\УрФУ\2 курс-РИЗ-200028у\Прикладное программирование(Чагаева О.Л.)\Домашние лабораторные работы\1\ConsoleApplication2\ConsoleApplication2.cpp(18,12): message : рекомендуется использовать "%lld" в строке форматирования
G:\УрФУ\2 курс-РИЗ-200028у\Прикладное программирование(Чагаева О.Л.)\Домашние лабораторные работы\1\ConsoleApplication2\ConsoleApplication2.cpp(18,12): message : рекомендуется использовать "%Id" в строке форматирования
G:\УрФУ\2 курс-РИЗ-200028у\Прикладное программирование(Чагаева О.Л.)\Домашние лабораторные работы\1\ConsoleApplication2\ConsoleApplication2.cpp(18,12): message : рекомендуется использовать "%I64d" в строке форматирования
  ConsoleApplication2.vcxproj -> G:\УрФУ\2 курс-РИЗ-200028у\Прикладное программирование(Чагаева О.Л.)\Домашние лабораторные работы\1\ConsoleApplication2\x64\Debug\ConsoleApplication2.exe
